{"numFailedTestSuites":0,"numFailedTests":0,"numPassedTestSuites":2,"numPassedTests":2,"numPendingTestSuites":0,"numPendingTests":0,"numRuntimeErrorTestSuites":0,"numTodoTests":0,"numTotalTestSuites":2,"numTotalTests":2,"openHandles":[],"snapshot":{"added":0,"didUpdate":false,"failure":false,"filesAdded":0,"filesRemoved":0,"filesRemovedList":[],"filesUnmatched":0,"filesUpdated":0,"matched":0,"total":0,"unchecked":0,"uncheckedKeysByFile":[],"unmatched":0,"updated":0},"startTime":1774402650746,"success":true,"testResults":[{"assertionResults":[{"ancestorTitles":["Ask Cache TTL and Invalidation (smoke e2e)"],"duration":104,"failureDetails":[],"failureMessages":[],"fullName":"Ask Cache TTL and Invalidation (smoke e2e) should cache repeated asks, expire by TTL, and invalidate after knowledge changes","invocations":1,"location":null,"numPassingAsserts":4,"retryReasons":[],"status":"passed","title":"should cache repeated asks, expire by TTL, and invalidate after knowledge changes"}],"endTime":1774402655155,"message":"","name":"C:\\Users\\bonvi\\Documents\\atlas_local\\test\\smoke-cache.e2e-spec.ts","startTime":1774402650794,"status":"passed","summary":""},{"assertionResults":[{"ancestorTitles":["Vector Search Ask Path (smoke e2e)"],"duration":32,"failureDetails":[],"failureMessages":[],"fullName":"Vector Search Ask Path (smoke e2e) should use vectorSearch instead of text search when the vector flag is enabled","invocations":1,"location":null,"numPassingAsserts":5,"retryReasons":[],"status":"passed","title":"should use vectorSearch instead of text search when the vector flag is enabled"}],"endTime":1774402656004,"message":"","name":"C:\\Users\\bonvi\\Documents\\atlas_local\\test\\smoke-vector-search.e2e-spec.ts","startTime":1774402655161,"status":"passed","summary":""}],"wasInterrupted":false}
