{"numFailedTestSuites":0,"numFailedTests":0,"numPassedTestSuites":1,"numPassedTests":1,"numPendingTestSuites":0,"numPendingTests":0,"numRuntimeErrorTestSuites":0,"numTodoTests":0,"numTotalTestSuites":1,"numTotalTests":1,"openHandles":[],"snapshot":{"added":0,"didUpdate":false,"failure":false,"filesAdded":0,"filesRemoved":0,"filesRemovedList":[],"filesUnmatched":0,"filesUpdated":0,"matched":0,"total":0,"unchecked":0,"uncheckedKeysByFile":[],"unmatched":0,"updated":0},"startTime":1774402259314,"success":true,"testResults":[{"assertionResults":[{"ancestorTitles":["Vector Search Ask Path (smoke e2e)"],"duration":62,"failureDetails":[],"failureMessages":[],"fullName":"Vector Search Ask Path (smoke e2e) should use vectorSearch instead of text search when the vector flag is enabled","invocations":1,"location":null,"numPassingAsserts":5,"retryReasons":[],"status":"passed","title":"should use vectorSearch instead of text search when the vector flag is enabled"}],"endTime":1774402261647,"message":"","name":"C:\\Users\\bonvi\\Documents\\atlas_local\\test\\smoke-vector-search.e2e-spec.ts","startTime":1774402259361,"status":"passed","summary":""}],"wasInterrupted":false}
